{"level":"info","message":"Search from ::1"}
{"level":"info","message":"Login attempt from ::1"}
{"level":"info","message":"User \"user1\" has been logged"}
{"level":"info","message":"Login attempt from ::1"}
{"level":"info","message":"Login attempt from ::1"}
{"level":"info","message":"Login attempt from ::1"}
{"level":"info","message":"Search from ::1"}
{"level":"info","message":"Search from ::1"}
{"level":"info","message":"Search from ::1"}
{"level":"info","message":"Search from ::1"}
{"level":"info","message":"Search from ::1"}
{"level":"info","message":"Search from ::1"}
{"level":"info","message":"Search from ::1"}
{"level":"info","message":"Search from ::1"}
{"level":"info","message":"Search from ::1"}
{"level":"info","message":"Search from ::1"}
{"level":"info","message":"Search from ::1"}
{"level":"info","message":"Search from ::1"}
{"level":"info","message":"Search from ::1"}
{"level":"info","message":"Search from ::1"}
{"level":"info","message":"Search from ::1"}
{"level":"info","message":"Search from ::1"}
{"level":"info","message":"Search from ::1"}
{"level":"info","message":"Search from ::1"}
{"level":"info","message":"Search from ::1"}
{"level":"info","message":"Search from ::1"}
{"level":"info","message":"Login attempt from ::1"}
{"level":"info","message":"Login attempt from ::1"}
{"level":"info","message":"Login attempt from ::1"}
{"level":"info","message":"Login attempt from ::1"}
{"level":"info","message":"Login attempt from ::1"}
{"level":"info","message":"Search from ::1"}
{"level":"info","message":"Search from ::1"}
{"level":"info","message":"Login attempt from ::1"}
{"level":"info","message":"Login attempt from ::1"}
{"level":"info","message":"Login attempt from ::1"}
{"level":"info","message":"Search from ::1"}
{"level":"info","message":"Search from ::1"}
{"level":"info","message":"Login attempt from ::1"}
{"level":"info","message":"Login attempt from ::1"}
{"level":"info","message":"Login attempt from ::1"}
{"level":"info","message":"User \"user1\" has been logged"}
{"level":"info","message":"Login attempt from ::1"}
{"level":"info","message":"Post attempt from user1"}
{"level":"info","message":"Post attempt from user1"}
{"level":"info","message":"Post attempt from user1"}
{"level":"info","message":"Search from ::1"}
{"level":"info","message":"Search from ::1"}
{"level":"info","message":"Search from ::1"}
{"level":"info","message":"Search from ::1"}
{"level":"info","message":"Post attempt from user1"}
{"level":"info","message":"Search from ::1"}
{"level":"info","message":"Search from ::1"}
{"level":"info","message":"Search from ::1"}
{"level":"info","message":"Search from ::1"}
{"level":"info","message":"Search from ::1"}
{"level":"info","message":"Search from ::1"}
{"level":"info","message":"Post attempt from user1"}
{"level":"info","message":"Post attempt from user1"}
{"level":"info","message":"Search from ::1"}
{"level":"info","message":"Search from ::1"}
{"level":"info","message":"Post attempt from user1"}
{"level":"info","message":"Search from ::1"}
{"level":"info","message":"Search from ::1"}
{"level":"info","message":"Post attempt from user1"}
{"level":"info","message":"Post attempt from user1"}
{"level":"info","message":"Game \"GTA6\" has been added"}
{"level":"info","message":"Search from ::1"}
{"level":"info","message":"Search from ::1"}
{"level":"info","message":"Search from ::1"}
{"level":"info","message":"Post attempt from user1"}
{"level":"info","message":"Post attempt from user1"}
{"level":"info","message":"Search from ::1"}
{"level":"info","message":"Search from ::1"}
{"level":"info","message":"Search from ::1"}
{"level":"info","message":"Search from ::1"}
{"level":"info","message":"Search from ::1"}
{"level":"info","message":"Search from ::1"}
{"level":"info","message":"Search from ::1"}
{"level":"info","message":"Search from ::1"}
{"level":"info","message":"Search from ::1"}
{"level":"info","message":"Search from ::1"}
{"level":"info","message":"Search from ::1"}
{"level":"info","message":"Search from ::1"}
{"level":"info","message":"Search from ::1"}
{"level":"info","message":"Search from ::1"}
{"level":"info","message":"Search from ::1"}
{"level":"info","message":"Search from ::1"}
{"level":"info","message":"Search from ::1"}
{"level":"info","message":"Search from ::1"}
{"level":"info","message":"Search from ::1"}
{"level":"info","message":"Search from ::1"}
{"level":"info","message":"Search from ::1"}
{"level":"info","message":"Search from ::1"}
{"level":"info","message":"Search from ::1"}
{"level":"info","message":"Search from ::1"}
{"level":"info","message":"Search from ::1"}
{"level":"info","message":"Search from ::1"}
{"level":"info","message":"Search from ::1"}
{"level":"info","message":"Search from ::1"}
{"level":"info","message":"Search from ::1"}
{"level":"info","message":"Search from ::1"}
{"level":"info","message":"Search from ::1"}
{"level":"info","message":"Search from ::1"}
{"level":"info","message":"Search from ::1"}
{"level":"info","message":"Search from ::1"}
{"level":"info","message":"Search from ::1"}
{"level":"info","message":"Search from ::1"}
{"level":"info","message":"Search from ::1"}
{"level":"info","message":"Search from ::1"}
{"level":"info","message":"Search from ::1"}
{"level":"info","message":"Search from ::1"}
{"level":"info","message":"Search from ::1"}
{"level":"info","message":"Search from ::1"}
{"level":"info","message":"Login attempt from ::1"}
{"level":"info","message":"Login attempt from ::1"}
{"level":"info","message":"Login attempt from ::1"}
{"level":"info","message":"User \"user1\" has been logged"}
{"level":"info","message":"Login attempt from ::1"}
{"level":"info","message":"Login attempt from ::1"}
{"level":"info","message":"Search from ::1"}
{"level":"info","message":"Search from ::1"}
{"level":"info","message":"Login attempt from ::1"}
{"level":"info","message":"User \"user1\" has been logged"}
{"level":"info","message":"Search from ::1"}
{"level":"info","message":"Search from ::1"}
{"level":"info","message":"Post attempt from user1"}
{"level":"info","message":"Game \"asd\" has been added"}
{"level":"info","message":"Search from ::1"}
{"level":"info","message":"Search from ::1"}
{"level":"info","message":"Post attempt from user1"}
{"level":"info","message":"Post attempt from user1"}
{"level":"info","message":"Game \"sad\" has been added"}
{"level":"info","message":"Search from ::1"}
{"level":"info","message":"Search from ::1"}
{"level":"info","message":"Search from ::1"}
{"level":"info","message":"Search from ::1"}
{"level":"info","message":"Login attempt from ::1"}
{"level":"info","message":"User \"user1\" has been logged"}
{"level":"info","message":"Search from ::1"}
{"level":"info","message":"Search from ::1"}
{"level":"info","message":"Login attempt from ::1"}
{"level":"info","message":"User \"user1\" has been logged"}
{"level":"info","message":"Post attempt from user1"}
{"level":"info","message":"Search from ::1"}
{"level":"info","message":"Search from ::1"}
{"level":"info","message":"Search from ::1"}
{"level":"info","message":"Search from ::1"}
{"level":"info","message":"Search from ::1"}
{"level":"info","message":"Search from ::1"}
{"level":"info","message":"Login attempt from ::1"}
{"level":"info","message":"User \"user1\" has been logged"}
{"level":"info","message":"Search from ::ffff:127.0.0.1"}
{"level":"info","message":"Search from ::ffff:127.0.0.1"}
{"level":"info","message":"Search from ::ffff:127.0.0.1"}
{"level":"info","message":"Login attempt from ::ffff:127.0.0.1"}
{"level":"info","message":"User \"user1\" has been logged"}
{"level":"info","message":"Search from ::ffff:127.0.0.1"}
{"level":"info","message":"Search from ::ffff:127.0.0.1"}
{"level":"info","message":"Search from ::ffff:127.0.0.1"}
{"level":"info","message":"Search from ::ffff:127.0.0.1"}
{"level":"info","message":"Login attempt from ::ffff:127.0.0.1"}
{"level":"info","message":"User \"user1\" has been logged"}
{"level":"info","message":"Search from ::ffff:127.0.0.1"}
{"level":"info","message":"Search from ::ffff:127.0.0.1"}
{"level":"info","message":"Search from ::1"}
{"level":"info","message":"Search from ::1"}
{"level":"info","message":"Search from ::1"}
{"level":"info","message":"Search from ::1"}
{"level":"info","message":"Search from ::1"}
